[debug] [2020-03-29T15:44:54.312Z] ----------------------------------------------------------------------
[debug] [2020-03-29T15:44:54.313Z] Command:       C:\Program Files\nodejs\node.exe C:\Users\mads_\AppData\Roaming\npm\node_modules\firebase-tools\lib\bin\firebase.js deploy --only functions
[debug] [2020-03-29T15:44:54.313Z] CLI Version:   7.16.1
[debug] [2020-03-29T15:44:54.313Z] Platform:      win32
[debug] [2020-03-29T15:44:54.313Z] Node Version:  v12.16.0
[debug] [2020-03-29T15:44:54.314Z] Time:          Sun Mar 29 2020 17:44:54 GMT+0200 (Central European Summer Time)
[debug] [2020-03-29T15:44:54.314Z] ----------------------------------------------------------------------
[debug] [2020-03-29T15:44:54.314Z] 
[debug] [2020-03-29T15:44:54.319Z] > command requires scopes: ["email","openid","https://www.googleapis.com/auth/cloudplatformprojects.readonly","https://www.googleapis.com/auth/firebase","https://www.googleapis.com/auth/cloud-platform"]
[debug] [2020-03-29T15:44:54.320Z] > authorizing via signed-in user
[debug] [2020-03-29T15:44:54.320Z] [iam] checking project life-867de for permissions ["cloudfunctions.functions.create","cloudfunctions.functions.delete","cloudfunctions.functions.get","cloudfunctions.functions.list","cloudfunctions.functions.update","cloudfunctions.operations.get","firebase.projects.get"]
[debug] [2020-03-29T15:44:54.322Z] >>> HTTP REQUEST POST https://cloudresourcemanager.googleapis.com/v1/projects/life-867de:testIamPermissions  

[debug] [2020-03-29T15:44:55.162Z] <<< HTTP RESPONSE 200
[info] 
[info] === Deploying to 'life-867de'...
[info] 
[info] i  deploying functions
[info] Running command: npm --prefix "$RESOURCE_DIR" run lint
[info] Running command: npm --prefix "$RESOURCE_DIR" run build
[info] +  functions: Finished running predeploy script.
[debug] [2020-03-29T15:45:03.931Z] > [functions] package.json contents: {
  "name": "functions",
  "scripts": {
    "lint": "tslint --project tsconfig-build.json",
    "build": "tsc --project tsconfig-build.json",
    "build-watch": "tsc -w --project tsconfig-build.json",
    "serve": "npm run build || firebase emulators:start --only functions",
    "shell": "npm run build && firebase functions:shell",
    "start": "npm run shell",
    "deploy": "firebase deploy --only functions",
    "logs": "firebase functions:log",
    "test": "jest --coverage",
    "test:watch": "jest --coverage --watchAll",
    "prettier": "prettier --check \"**/*.ts\""
  },
  "engines": {
    "node": "8"
  },
  "main": "lib/index.js",
  "dependencies": {
    "firebase-admin": "^8.6.0",
    "firebase-functions": "^3.3.0",
    "jest-createspyobj": "^1.2.2",
    "jest-mock-extended": "^1.0.8",
    "moq.ts": "^5.0.5"
  },
  "devDependencies": {
    "@types/jest": "^25.1.4",
    "@types/node": "^13.9.0",
    "jest": "^25.1.0",
    "ts-jest": "^25.2.1",
    "tslint": "^5.12.0",
    "typescript": "^3.2.2"
  },
  "private": true
}
[info] i  functions: ensuring necessary APIs are enabled...
[debug] [2020-03-29T15:45:03.932Z] >>> HTTP REQUEST GET https://serviceusage.googleapis.com/v1/projects/life-867de/services/cloudfunctions.googleapis.com  
 
[debug] [2020-03-29T15:45:03.933Z] >>> HTTP REQUEST GET https://serviceusage.googleapis.com/v1/projects/life-867de/services/runtimeconfig.googleapis.com  
 
[debug] [2020-03-29T15:45:04.932Z] <<< HTTP RESPONSE 200
[debug] [2020-03-29T15:45:05.040Z] <<< HTTP RESPONSE 200
[info] +  functions: all necessary APIs are enabled
[debug] [2020-03-29T15:45:05.041Z] >>> HTTP REQUEST GET https://firebase.googleapis.com/v1beta1/projects/life-867de/adminSdkConfig  
 
[debug] [2020-03-29T15:45:05.319Z] <<< HTTP RESPONSE 200
[info] i  functions: preparing functions directory for uploading...
[debug] [2020-03-29T15:45:05.321Z] >>> HTTP REQUEST GET https://runtimeconfig.googleapis.com/v1beta1/projects/life-867de/configs  
 
[debug] [2020-03-29T15:45:06.264Z] <<< HTTP RESPONSE 200
[info] i  functions: packaged functions (115.15 KB) for uploading
[debug] [2020-03-29T15:45:06.481Z] >>> HTTP REQUEST POST https://cloudfunctions.googleapis.com/v1/projects/life-867de/locations/us-central1/functions:generateUploadUrl  
 
[debug] [2020-03-29T15:45:07.217Z] <<< HTTP RESPONSE 200
[debug] [2020-03-29T15:45:07.218Z] >>> HTTP REQUEST PUT https://storage.googleapis.com/gcf-upload-us-central1-ac36d4b7-9f34-47e3-9fe8-b5eec1026ce1/e29f2261-4025-43e1-8a90-360a228998bb.zip?GoogleAccessId=service-330683361610@gcf-admin-robot.iam.gserviceaccount.com&Expires=1585498506&Signature=Z3t23pBL62suYqLWF4I%2Fas5jC0axLKXucfwkMKok1AtR7K4ipLl9n54AvDsoQmqy3lYs3G7wDu3L2YU%2FGOo4xRL9sHWRCZidaXlwKuvmTjm1%2B07aJ0ZuuVht%2BbJfUAM9baRl8OYKCy3rlDDFcMuQv8zOir2%2FpGhC5zUwS8AduI5QBmGy3IChOPJJjJt4EOn9S9MzHQVmIs9WucdMgcDHbh5oQhiGXJ2cd%2BQc92LWa2SS%2BmAlWBgoEl%2Fl9W%2BgYdmInlswpRZuglZJ1pX3DHFAOQrXtvREvWl3KRS4MTkEsy8lgqWZQBqN%2FAjWCv6pGWtn3QUEuI7axTHoqvlIsaIycg%3D%3D  
 <request body omitted>
[debug] [2020-03-29T15:45:07.833Z] <<< HTTP RESPONSE 200
[info] +  functions: functions folder uploaded successfully
[debug] [2020-03-29T15:45:07.835Z] >>> HTTP REQUEST GET https://cloudfunctions.googleapis.com/v1/projects/life-867de/locations/-/functions  
 
[debug] [2020-03-29T15:45:08.275Z] <<< HTTP RESPONSE 200
[info] i  functions: updating Node.js 8 function setStock(us-central1)...
[debug] [2020-03-29T15:45:08.277Z] Trigger is:  {"eventTrigger":{"resource":"projects/life-867de/databases/(default)/documents/products/{prodId}","eventType":"providers/cloud.firestore/eventTypes/document.create","service":"firestore.googleapis.com"}}
[info] i  functions: updating Node.js 8 function updateProduct(us-central1)...
[debug] [2020-03-29T15:45:08.277Z] Trigger is:  {"eventTrigger":{"resource":"projects/life-867de/databases/(default)/documents/products/{prodId}","eventType":"providers/cloud.firestore/eventTypes/document.update","service":"firestore.googleapis.com"}}
[debug] [2020-03-29T15:45:08.278Z] >>> HTTP REQUEST GET https://serviceusage.googleapis.com/v1/projects/life-867de/services/cloudscheduler.googleapis.com  
 
[debug] [2020-03-29T15:45:09.213Z] <<< HTTP RESPONSE 200
[debug] [2020-03-29T15:45:09.214Z] >>> HTTP REQUEST PATCH https://cloudfunctions.googleapis.com/v1/projects/life-867de/locations/us-central1/functions/setStock {"updateMask":"sourceUploadUrl,name,labels,runtime,eventTrigger.resource,eventTrigger.eventType,eventTrigger.service"} 

[debug] [2020-03-29T15:45:09.215Z] >>> HTTP REQUEST PATCH https://cloudfunctions.googleapis.com/v1/projects/life-867de/locations/us-central1/functions/updateProduct {"updateMask":"sourceUploadUrl,name,labels,runtime,eventTrigger.resource,eventTrigger.eventType,eventTrigger.service"} 

[debug] [2020-03-29T15:45:09.624Z] <<< HTTP RESPONSE 200
[debug] [2020-03-29T15:45:09.626Z] <<< HTTP RESPONSE 200
[debug] [2020-03-29T15:45:09.627Z] >>> HTTP REQUEST GET https://cloudfunctions.googleapis.com/v1/operations/bGlmZS04NjdkZS91cy1jZW50cmFsMS9zZXRTdG9jay8wazRVTXRjNmVodw  
 
[debug] [2020-03-29T15:45:09.627Z] >>> HTTP REQUEST GET https://cloudfunctions.googleapis.com/v1/operations/bGlmZS04NjdkZS91cy1jZW50cmFsMS91cGRhdGVQcm9kdWN0L1BMZm9BcGhoY2ZF  
 
[debug] [2020-03-29T15:45:09.870Z] <<< HTTP RESPONSE 200
[debug] [2020-03-29T15:45:09.895Z] <<< HTTP RESPONSE 200
[debug] [2020-03-29T15:45:11.871Z] >>> HTTP REQUEST GET https://cloudfunctions.googleapis.com/v1/operations/bGlmZS04NjdkZS91cy1jZW50cmFsMS91cGRhdGVQcm9kdWN0L1BMZm9BcGhoY2ZF  
 
[debug] [2020-03-29T15:45:11.895Z] >>> HTTP REQUEST GET https://cloudfunctions.googleapis.com/v1/operations/bGlmZS04NjdkZS91cy1jZW50cmFsMS9zZXRTdG9jay8wazRVTXRjNmVodw  
 
[debug] [2020-03-29T15:45:12.126Z] <<< HTTP RESPONSE 200
[debug] [2020-03-29T15:45:12.179Z] <<< HTTP RESPONSE 200
[debug] [2020-03-29T15:45:14.126Z] >>> HTTP REQUEST GET https://cloudfunctions.googleapis.com/v1/operations/bGlmZS04NjdkZS91cy1jZW50cmFsMS91cGRhdGVQcm9kdWN0L1BMZm9BcGhoY2ZF  
 
[debug] [2020-03-29T15:45:14.179Z] >>> HTTP REQUEST GET https://cloudfunctions.googleapis.com/v1/operations/bGlmZS04NjdkZS91cy1jZW50cmFsMS9zZXRTdG9jay8wazRVTXRjNmVodw  
 
[debug] [2020-03-29T15:45:14.369Z] <<< HTTP RESPONSE 200
[debug] [2020-03-29T15:45:14.438Z] <<< HTTP RESPONSE 200
[debug] [2020-03-29T15:45:16.370Z] >>> HTTP REQUEST GET https://cloudfunctions.googleapis.com/v1/operations/bGlmZS04NjdkZS91cy1jZW50cmFsMS91cGRhdGVQcm9kdWN0L1BMZm9BcGhoY2ZF  
 
[debug] [2020-03-29T15:45:16.438Z] >>> HTTP REQUEST GET https://cloudfunctions.googleapis.com/v1/operations/bGlmZS04NjdkZS91cy1jZW50cmFsMS9zZXRTdG9jay8wazRVTXRjNmVodw  
 
[debug] [2020-03-29T15:45:16.609Z] <<< HTTP RESPONSE 200
[debug] [2020-03-29T15:45:16.668Z] <<< HTTP RESPONSE 200
[debug] [2020-03-29T15:45:18.611Z] >>> HTTP REQUEST GET https://cloudfunctions.googleapis.com/v1/operations/bGlmZS04NjdkZS91cy1jZW50cmFsMS91cGRhdGVQcm9kdWN0L1BMZm9BcGhoY2ZF  
 
[debug] [2020-03-29T15:45:18.669Z] >>> HTTP REQUEST GET https://cloudfunctions.googleapis.com/v1/operations/bGlmZS04NjdkZS91cy1jZW50cmFsMS9zZXRTdG9jay8wazRVTXRjNmVodw  
 
[debug] [2020-03-29T15:45:18.855Z] <<< HTTP RESPONSE 200
[debug] [2020-03-29T15:45:18.911Z] <<< HTTP RESPONSE 200
[debug] [2020-03-29T15:45:20.857Z] >>> HTTP REQUEST GET https://cloudfunctions.googleapis.com/v1/operations/bGlmZS04NjdkZS91cy1jZW50cmFsMS91cGRhdGVQcm9kdWN0L1BMZm9BcGhoY2ZF  
 
[debug] [2020-03-29T15:45:20.911Z] >>> HTTP REQUEST GET https://cloudfunctions.googleapis.com/v1/operations/bGlmZS04NjdkZS91cy1jZW50cmFsMS9zZXRTdG9jay8wazRVTXRjNmVodw  
 
[debug] [2020-03-29T15:45:21.119Z] <<< HTTP RESPONSE 200
[debug] [2020-03-29T15:45:21.171Z] <<< HTTP RESPONSE 200
[debug] [2020-03-29T15:45:23.119Z] >>> HTTP REQUEST GET https://cloudfunctions.googleapis.com/v1/operations/bGlmZS04NjdkZS91cy1jZW50cmFsMS91cGRhdGVQcm9kdWN0L1BMZm9BcGhoY2ZF  
 
[debug] [2020-03-29T15:45:23.171Z] >>> HTTP REQUEST GET https://cloudfunctions.googleapis.com/v1/operations/bGlmZS04NjdkZS91cy1jZW50cmFsMS9zZXRTdG9jay8wazRVTXRjNmVodw  
 
[debug] [2020-03-29T15:45:23.351Z] <<< HTTP RESPONSE 200
[debug] [2020-03-29T15:45:23.427Z] <<< HTTP RESPONSE 200
[debug] [2020-03-29T15:45:25.353Z] >>> HTTP REQUEST GET https://cloudfunctions.googleapis.com/v1/operations/bGlmZS04NjdkZS91cy1jZW50cmFsMS91cGRhdGVQcm9kdWN0L1BMZm9BcGhoY2ZF  
 
[debug] [2020-03-29T15:45:25.427Z] >>> HTTP REQUEST GET https://cloudfunctions.googleapis.com/v1/operations/bGlmZS04NjdkZS91cy1jZW50cmFsMS9zZXRTdG9jay8wazRVTXRjNmVodw  
 
[debug] [2020-03-29T15:45:25.574Z] <<< HTTP RESPONSE 200
[debug] [2020-03-29T15:45:25.684Z] <<< HTTP RESPONSE 200
[debug] [2020-03-29T15:45:27.575Z] >>> HTTP REQUEST GET https://cloudfunctions.googleapis.com/v1/operations/bGlmZS04NjdkZS91cy1jZW50cmFsMS91cGRhdGVQcm9kdWN0L1BMZm9BcGhoY2ZF  
 
[debug] [2020-03-29T15:45:27.685Z] >>> HTTP REQUEST GET https://cloudfunctions.googleapis.com/v1/operations/bGlmZS04NjdkZS91cy1jZW50cmFsMS9zZXRTdG9jay8wazRVTXRjNmVodw  
 
[debug] [2020-03-29T15:45:27.811Z] <<< HTTP RESPONSE 200
[debug] [2020-03-29T15:45:27.989Z] <<< HTTP RESPONSE 200
[debug] [2020-03-29T15:45:29.812Z] >>> HTTP REQUEST GET https://cloudfunctions.googleapis.com/v1/operations/bGlmZS04NjdkZS91cy1jZW50cmFsMS91cGRhdGVQcm9kdWN0L1BMZm9BcGhoY2ZF  
 
[debug] [2020-03-29T15:45:29.989Z] >>> HTTP REQUEST GET https://cloudfunctions.googleapis.com/v1/operations/bGlmZS04NjdkZS91cy1jZW50cmFsMS9zZXRTdG9jay8wazRVTXRjNmVodw  
 
[debug] [2020-03-29T15:45:30.060Z] <<< HTTP RESPONSE 200
[debug] [2020-03-29T15:45:30.267Z] <<< HTTP RESPONSE 200
[debug] [2020-03-29T15:45:32.061Z] >>> HTTP REQUEST GET https://cloudfunctions.googleapis.com/v1/operations/bGlmZS04NjdkZS91cy1jZW50cmFsMS91cGRhdGVQcm9kdWN0L1BMZm9BcGhoY2ZF  
 
[debug] [2020-03-29T15:45:32.267Z] >>> HTTP REQUEST GET https://cloudfunctions.googleapis.com/v1/operations/bGlmZS04NjdkZS91cy1jZW50cmFsMS9zZXRTdG9jay8wazRVTXRjNmVodw  
 
[debug] [2020-03-29T15:45:32.307Z] <<< HTTP RESPONSE 200
[debug] [2020-03-29T15:45:32.510Z] <<< HTTP RESPONSE 200
[debug] [2020-03-29T15:45:34.307Z] >>> HTTP REQUEST GET https://cloudfunctions.googleapis.com/v1/operations/bGlmZS04NjdkZS91cy1jZW50cmFsMS91cGRhdGVQcm9kdWN0L1BMZm9BcGhoY2ZF  
 
[debug] [2020-03-29T15:45:34.510Z] >>> HTTP REQUEST GET https://cloudfunctions.googleapis.com/v1/operations/bGlmZS04NjdkZS91cy1jZW50cmFsMS9zZXRTdG9jay8wazRVTXRjNmVodw  
 
[debug] [2020-03-29T15:45:34.551Z] <<< HTTP RESPONSE 200
[debug] [2020-03-29T15:45:34.734Z] <<< HTTP RESPONSE 200
